2023-06-20 21:48:18,473 [1] INFO TourPlanner_Client.App - TourPlanner client has started!
2023-06-20 22:19:44,974 [1] INFO TourPlanner_Client.App - TourPlanner client has started!
2023-06-20 22:49:50,613 [1] INFO TourPlanner_Client.App - TourPlanner client has started!
2023-06-20 22:54:34,012 [1] INFO TourPlanner_Client.App - TourPlanner client has started!
2023-06-21 12:57:20,384 [1] INFO TourPlanner_Client.App - TourPlanner client has started!
2023-06-21 13:00:32,469 [1] INFO TourPlanner_Client.App - TourPlanner client has started!
2023-06-21 13:22:03,427 [1] INFO TourPlanner_Client.App - TourPlanner client has started!
2023-06-21 13:31:06,780 [1] INFO TourPlanner_Client.App - TourPlanner client has started!
2023-06-21 13:37:08,351 [1] INFO TourPlanner_Client.App - TourPlanner client has started!
2023-06-21 13:38:27,153 [1] INFO TourPlanner_Client.App - TourPlanner client has started!
2023-06-21 14:00:04,361 [1] INFO TourPlanner_Client.App - TourPlanner client has started!
2023-06-21 14:02:35,858 [1] INFO TourPlanner_Client.App - TourPlanner client has started!
2023-06-21 14:03:43,953 [1] INFO TourPlanner_Client.App - TourPlanner client has started!
2023-06-21 14:04:17,864 [1] INFO TourPlanner_Client.App - TourPlanner client has started!
2023-06-21 14:07:04,035 [1] INFO TourPlanner_Client.App - TourPlanner client has started!
2023-06-21 14:08:12,806 [1] INFO TourPlanner_Client.App - TourPlanner client has started!
2023-06-21 14:12:00,483 [1] INFO TourPlanner_Client.App - TourPlanner client has started!
2023-06-21 14:14:39,271 [1] INFO TourPlanner_Client.App - TourPlanner client has started!
2023-06-21 14:21:13,486 [1] INFO TourPlanner_Client.App - TourPlanner client has started!
2023-06-21 14:24:19,150 [1] INFO TourPlanner_Client.App - TourPlanner client has started!
2023-06-21 14:25:44,407 [1] INFO TourPlanner_Client.App - TourPlanner client has started!
2023-06-21 14:29:30,311 [1] INFO TourPlanner_Client.App - TourPlanner client has started!
2023-06-21 14:30:33,025 [1] INFO TourPlanner_Client.App - TourPlanner client has started!
2023-06-21 14:32:05,768 [1] INFO TourPlanner_Client.App - TourPlanner client has started!
2023-06-21 14:33:19,462 [1] INFO TourPlanner_Client.App - TourPlanner client has started!
2023-06-21 14:33:44,019 [1] INFO TourPlanner_Client.App - TourPlanner client has started!
2023-06-21 14:35:49,522 [1] INFO TourPlanner_Client.App - TourPlanner client has started!
2023-06-21 18:51:18,535 [1] INFO TourPlanner_Client.App - TourPlanner client has started!
2023-06-21 18:54:04,429 [1] INFO TourPlanner_Client.App - TourPlanner client has started!
2023-06-21 18:56:02,067 [1] INFO TourPlanner_Client.App - TourPlanner client has started!
2023-06-21 19:01:22,057 [1] INFO TourPlanner_Client.App - TourPlanner client has started!
2023-06-21 19:05:18,871 [1] INFO TourPlanner_Client.App - TourPlanner client has started!
2023-06-21 19:10:23,619 [1] INFO TourPlanner_Client.App - TourPlanner client has started!
2023-06-21 19:11:54,304 [1] INFO TourPlanner_Client.App - TourPlanner client has started!
2023-06-21 19:16:49,584 [1] INFO TourPlanner_Client.App - TourPlanner client has started!
2023-06-21 19:19:33,432 [1] INFO TourPlanner_Client.App - TourPlanner client has started!
2023-06-21 19:21:52,780 [1] INFO TourPlanner_Client.App - TourPlanner client has started!
2023-06-21 19:24:43,263 [1] INFO TourPlanner_Client.App - TourPlanner client has started!
2023-06-21 19:33:55,472 [1] INFO TourPlanner_Client.App - TourPlanner client has started!
2023-06-21 19:34:28,198 [1] INFO TourPlanner_Client.App - TourPlanner client has started!
2023-06-21 19:44:05,620 [1] INFO TourPlanner_Client.App - TourPlanner client has started!
2023-06-21 19:45:25,618 [1] INFO TourPlanner_Client.App - TourPlanner client has started!
2023-06-21 19:57:11,511 [1] INFO TourPlanner_Client.App - TourPlanner client has started!
2023-06-21 20:05:10,864 [1] INFO TourPlanner_Client.App - TourPlanner client has started!
2023-06-21 20:05:23,194 [1] INFO TourPlanner_Client.App - TourPlanner client has started!
2023-06-21 20:06:34,805 [1] INFO TourPlanner_Client.App - TourPlanner client has started!
2023-06-21 20:44:13,516 [1] INFO TourPlanner_Client.App - TourPlanner client has started!
2023-06-21 21:37:53,830 [1] INFO TourPlanner_Client.App - TourPlanner client has started!
2023-06-21 21:40:14,262 [1] INFO TourPlanner_Client.App - TourPlanner client has started!
2023-06-22 10:07:01,817 [1] INFO TourPlanner_Client.App - TourPlanner client has started!
2023-06-22 10:12:28,685 [1] INFO TourPlanner_Client.App - TourPlanner client has started!
2023-06-25 07:56:58,960 [1] INFO TourPlanner_Client.App - TourPlanner client has started!
2023-06-25 08:02:56,134 [1] INFO TourPlanner_Client.App - TourPlanner client has started!
2023-06-25 08:06:58,388 [1] INFO TourPlanner_Client.App - TourPlanner client has started!
2023-06-25 08:09:22,849 [1] INFO TourPlanner_Client.App - TourPlanner client has started!
2023-06-25 08:14:07,027 [1] INFO TourPlanner_Client.App - TourPlanner client has started!
2023-06-25 14:44:28,207 [1] INFO TourPlanner_Client.App - TourPlanner client has started!
2023-06-25 14:56:00,843 [1] INFO TourPlanner_Client.App - TourPlanner client has started!
2023-06-25 14:58:23,447 [1] INFO TourPlanner_Client.App - TourPlanner client has started!
2023-06-25 15:03:11,227 [1] INFO TourPlanner_Client.App - TourPlanner client has started!
2023-06-25 15:16:38,008 [1] INFO TourPlanner_Client.App - TourPlanner client has started!
2023-06-25 19:34:59,927 [1] INFO TourPlanner_Client.App - TourPlanner client has started!
2023-06-25 19:43:06,700 [1] INFO TourPlanner_Client.App - TourPlanner client has started!
2023-06-25 19:43:53,178 [1] INFO TourPlanner_Client.App - TourPlanner client has started!
2023-06-25 19:49:32,999 [1] INFO TourPlanner_Client.App - TourPlanner client has started!
2023-06-25 20:42:05,658 [1] INFO TourPlanner_Client.App - TourPlanner client has started!
2023-06-25 20:44:45,212 [1] INFO TourPlanner_Client.App - TourPlanner client has started!
2023-06-25 20:45:57,812 [1] INFO TourPlanner_Client.App - TourPlanner client has started!
2023-06-25 20:47:18,836 [1] INFO TourPlanner_Client.App - TourPlanner client has started!
2023-06-25 21:13:17,867 [1] INFO TourPlanner_Client.App - TourPlanner client has started!
2023-06-25 21:18:54,203 [1] INFO TourPlanner_Client.App - TourPlanner client has started!
2023-06-25 21:31:08,718 [1] INFO TourPlanner_Client.App - TourPlanner client has started!
2023-06-25 21:32:30,082 [1] INFO TourPlanner_Client.App - TourPlanner client has started!
2023-06-25 21:53:44,650 [1] INFO TourPlanner_Client.App - TourPlanner client has started!
2023-06-26 10:17:25,786 [1] INFO TourPlanner_Client.App - TourPlanner client has started!
2023-06-26 10:20:33,203 [1] INFO TourPlanner_Client.App - TourPlanner client has started!
2023-06-26 10:23:41,621 [1] INFO TourPlanner_Client.App - TourPlanner client has started!
2023-06-26 10:27:01,524 [1] INFO TourPlanner_Client.App - TourPlanner client has started!
2023-06-26 10:28:02,626 [1] INFO TourPlanner_Client.App - TourPlanner client has started!
2023-06-26 15:40:44,592 [1] INFO TourPlanner_Client.App - TourPlanner client has started!
2023-06-26 16:10:36,059 [1] INFO TourPlanner_Client.App - TourPlanner client has started!
2023-06-26 16:22:04,315 [1] INFO TourPlanner_Client.App - TourPlanner client has started!
2023-06-26 16:24:17,328 [1] INFO TourPlanner_Client.App - TourPlanner client has started!
2023-06-26 17:23:05,067 [1] INFO TourPlanner_Client.App - TourPlanner client has started!
2023-06-26 17:25:32,160 [1] INFO TourPlanner_Client.App - TourPlanner client has started!
2023-06-26 17:40:17,586 [1] INFO TourPlanner_Client.App - TourPlanner client has started!
2023-06-26 17:46:24,439 [1] INFO TourPlanner_Client.App - TourPlanner client has started!
2023-06-26 17:48:18,377 [1] INFO TourPlanner_Client.App - TourPlanner client has started!
2023-06-26 17:51:22,995 [1] INFO TourPlanner_Client.App - TourPlanner client has started!
2023-06-26 20:56:42,073 [1] INFO TourPlanner_Client.App - TourPlanner client has started!
2023-06-26 21:02:47,898 [1] INFO TourPlanner_Client.App - TourPlanner client has started!
2023-06-26 21:04:48,576 [1] INFO TourPlanner_Client.App - TourPlanner client has started!
2023-06-26 21:09:04,682 [1] INFO TourPlanner_Client.App - TourPlanner client has started!
2023-06-26 21:10:24,065 [1] INFO TourPlanner_Client.App - TourPlanner client has started!
2023-06-26 21:30:52,932 [1] INFO TourPlanner_Client.App - TourPlanner client has started!
2023-06-26 21:35:57,535 [1] INFO TourPlanner_Client.App - TourPlanner client has started!
2023-06-27 17:57:34,745 [1] INFO TourPlanner_Client.App - TourPlanner client has started!
2023-06-27 21:01:01,765 [1] INFO TourPlanner_Client.App - TourPlanner client has started!
2023-06-27 21:28:08,733 [1] INFO TourPlanner_Client.App - TourPlanner client has started!
2023-06-27 21:30:37,817 [1] INFO TourPlanner_Client.App - TourPlanner client has started!
2023-06-27 21:31:12,798 [1] INFO TourPlanner_Client.App - TourPlanner client has started!
2023-06-27 21:31:33,160 [1] INFO TourPlanner_Client.App - TourPlanner client has started!
2023-06-28 11:29:33,466 [1] INFO TourPlanner_Client.App - TourPlanner client has started!
2023-06-28 11:41:53,159 [1] INFO TourPlanner_Client.App - TourPlanner client has started!
2023-06-28 11:44:32,057 [1] INFO TourPlanner_Client.App - TourPlanner client has started!
2023-06-28 11:47:51,870 [1] INFO TourPlanner_Client.App - TourPlanner client has started!
2023-06-28 11:54:17,130 [1] INFO TourPlanner_Client.App - TourPlanner client has started!
2023-06-28 11:56:03,685 [1] INFO TourPlanner_Client.App - TourPlanner client has started!
2023-06-28 12:00:09,815 [1] INFO TourPlanner_Client.App - TourPlanner client has started!
2023-06-28 12:13:00,739 [1] INFO TourPlanner_Client.App - TourPlanner client has started!
2023-06-28 16:57:02,702 [1] INFO TourPlanner_Client.App - TourPlanner client has started!
2023-06-28 17:27:36,347 [1] INFO TourPlanner_Client.App - TourPlanner client has started!
2023-06-28 17:43:30,088 [1] INFO TourPlanner_Client.App - TourPlanner client has started!
2023-06-28 20:11:05,690 [1] INFO TourPlanner_Client.App - TourPlanner client has started!
2023-06-28 20:14:00,675 [1] INFO TourPlanner_Client.App - TourPlanner client has started!
2023-06-28 20:16:03,536 [1] INFO TourPlanner_Client.App - TourPlanner client has started!
2023-06-28 20:18:24,441 [1] INFO TourPlanner_Client.App - TourPlanner client has started!
2023-06-28 20:19:27,819 [1] INFO TourPlanner_Client.App - TourPlanner client has started!
2023-06-28 20:46:03,029 [1] INFO TourPlanner_Client.App - TourPlanner client has started!
2023-06-28 20:58:53,172 [1] INFO TourPlanner_Client.App - TourPlanner client has started!
2023-06-28 21:01:06,578 [1] INFO TourPlanner_Client.App - TourPlanner client has started!
2023-06-28 21:33:27,403 [1] INFO TourPlanner_Client.App - TourPlanner client has started!
2023-06-28 21:34:03,803 [1] INFO TourPlanner_Client.App - TourPlanner client has started!
2023-06-28 21:39:37,478 [1] INFO TourPlanner_Client.App - TourPlanner client has started!
2023-06-28 21:48:19,626 [1] INFO TourPlanner_Client.App - TourPlanner client has started!
2023-06-28 21:54:05,641 [1] INFO TourPlanner_Client.App - TourPlanner client has started!
2023-06-28 21:55:49,584 [1] INFO TourPlanner_Client.App - TourPlanner client has started!
2023-06-28 22:10:15,523 [1] INFO TourPlanner_Client.App - TourPlanner client has started!
2023-06-29 09:43:37,845 [1] INFO TourPlanner_Client.App - TourPlanner client has started!
2023-06-29 10:06:58,040 [1] INFO TourPlanner_Client.App - TourPlanner client has started!
2023-06-29 10:13:24,046 [1] INFO TourPlanner_Client.APIs.MapQuestService - Sending MapQuest API request.
2023-06-29 12:51:25,837 [1] INFO TourPlanner_Client.App - TourPlanner client has started!
2023-06-29 14:59:10,533 [1] INFO TourPlanner_Client.App - TourPlanner client has started!
2023-06-29 14:59:31,210 [1] INFO TourPlanner_Client.APIs.MapQuestService - Sending MapQuest API request.
2023-06-29 15:00:01,434 [1] INFO TourPlanner_Client.APIs.MapQuestService - Sending MapQuest API request.
2023-06-29 15:22:15,053 [1] INFO TourPlanner_Client.App - TourPlanner client has started!
2023-06-29 15:26:05,675 [1] INFO TourPlanner_Client.App - TourPlanner client has started!
2023-06-29 15:26:58,356 [1] INFO TourPlanner_Client.App - TourPlanner client has started!
2023-06-29 15:28:10,598 [1] INFO TourPlanner_Client.App - TourPlanner client has started!
2023-06-29 15:44:40,343 [1] INFO TourPlanner_Client.App - TourPlanner client has started!
2023-06-29 15:54:30,507 [1] INFO TourPlanner_Client.App - TourPlanner client has started!
2023-06-30 20:07:07,216 [1] INFO TourPlanner_Client.App - TourPlanner client has started!
2023-06-30 20:07:19,923 [1] INFO TourPlanner_Client.APIs.MapQuestService - Sending MapQuest API request.
2023-06-30 20:59:12,355 [1] INFO TourPlanner_Client.App - TourPlanner client has started!
2023-06-30 20:59:25,681 [1] INFO TourPlanner_Client.APIs.MapQuestService - Sending MapQuest API request.
2023-06-30 23:09:36,040 [1] INFO TourPlanner_Client.App - TourPlanner client has started!
2023-06-30 23:09:51,872 [1] INFO TourPlanner_Client.APIs.MapQuestService - Sending MapQuest API request.
2023-06-30 23:12:37,482 [1] INFO TourPlanner_Client.APIs.MapQuestService - Sending MapQuest API request.
2023-06-30 23:12:57,804 [1] INFO TourPlanner_Client.APIs.MapQuestService - Sending MapQuest API request.
2023-06-30 23:31:40,102 [1] INFO TourPlanner_Client.App - TourPlanner client has started!
2023-06-30 23:39:36,119 [1] INFO TourPlanner_Client.App - TourPlanner client has started!
2023-06-30 23:39:50,631 [1] INFO TourPlanner_Client.APIs.MapQuestService - Sending MapQuest API request.
2023-06-30 23:51:12,783 [1] INFO TourPlanner_Client.App - TourPlanner client has started!
2023-06-30 23:51:23,285 [1] INFO TourPlanner_Client.APIs.MapQuestService - Sending MapQuest API request.
2023-06-30 23:58:47,716 [1] INFO TourPlanner_Client.App - TourPlanner client has started!
2023-06-30 23:59:01,999 [1] ERROR TourPlanner_Client.Commands.SubmitTourLogCommand - No date selected.
2023-07-01 00:14:47,498 [1] INFO TourPlanner_Client.App - TourPlanner client has started!
2023-07-01 00:36:12,245 [1] INFO TourPlanner_Client.App - TourPlanner client has started!
2023-07-01 00:36:25,128 [1] INFO TourPlanner_Client.APIs.MapQuestService - Sending MapQuest API request.
2023-07-01 00:36:59,895 [1] INFO TourPlanner_Client.App - TourPlanner client has started!
2023-07-01 00:40:00,404 [1] INFO TourPlanner_Client.App - TourPlanner client has started!
2023-07-01 00:42:35,072 [1] INFO TourPlanner_Client.App - TourPlanner client has started!
2023-07-01 00:45:59,924 [1] INFO TourPlanner_Client.App - TourPlanner client has started!
2023-07-06 14:37:11,571 [1] INFO TourPlanner_Client.App - TourPlanner client has started!
2023-07-06 14:37:23,090 [1] INFO TourPlanner_Client.APIs.MapQuestService - Sending MapQuest API request.
2023-07-06 14:50:46,008 [1] INFO TourPlanner_Client.App - TourPlanner client has started!
2023-07-06 14:51:44,189 [1] INFO TourPlanner_Client.App - TourPlanner client has started!
2023-07-06 14:53:26,262 [1] INFO TourPlanner_Client.App - TourPlanner client has started!
2023-07-06 15:18:30,391 [1] INFO TourPlanner_Client.App - TourPlanner client has started!
2023-07-06 15:22:10,065 [1] INFO TourPlanner_Client.App - TourPlanner client has started!
2023-07-06 15:23:15,720 [1] INFO TourPlanner_Client.App - TourPlanner client has started!
2023-07-06 15:25:19,173 [1] INFO TourPlanner_Client.App - TourPlanner client has started!
2023-07-06 15:25:29,441 [1] INFO TourPlanner_Client.App - TourPlanner client has started!
2023-07-06 15:28:50,979 [1] INFO TourPlanner_Client.App - TourPlanner client has started!
2023-07-06 15:31:27,457 [1] INFO TourPlanner_Client.App - TourPlanner client has started!
2023-07-06 15:31:47,505 [1] INFO TourPlanner_Client.APIs.MapQuestService - Sending MapQuest API request.
2023-07-06 15:33:51,463 [1] INFO TourPlanner_Client.App - TourPlanner client has started!
2023-07-06 15:34:02,214 [1] ERROR TourPlanner_Client.Commands.SubmitTourLogCommand - No date selected.
2023-07-06 15:34:41,147 [1] INFO TourPlanner_Client.App - TourPlanner client has started!
2023-07-06 15:38:10,385 [1] INFO TourPlanner_Client.App - TourPlanner client has started!
2023-07-06 15:38:26,665 [1] INFO TourPlanner_Client.App - TourPlanner client has started!
2023-07-06 15:40:37,943 [1] INFO TourPlanner_Client.App - TourPlanner client has started!
2023-07-06 15:42:10,012 [1] INFO TourPlanner_Client.App - TourPlanner client has started!
2023-07-06 15:42:58,504 [1] INFO TourPlanner_Client.App - TourPlanner client has started!
2023-07-06 15:44:40,218 [1] INFO TourPlanner_Client.App - TourPlanner client has started!
2023-07-06 15:54:14,084 [1] INFO TourPlanner_Client.App - TourPlanner client has started!
2023-07-06 15:56:49,506 [1] INFO TourPlanner_Client.App - TourPlanner client has started!
2023-07-06 15:57:04,937 [1] INFO TourPlanner_Client.APIs.MapQuestService - Sending MapQuest API request.
2023-07-06 16:01:13,718 [1] INFO TourPlanner_Client.App - TourPlanner client has started!
2023-07-06 16:03:31,838 [1] INFO TourPlanner_Client.App - TourPlanner client has started!
2023-07-06 16:04:17,215 [1] INFO TourPlanner_Client.APIs.MapQuestService - Sending MapQuest API request.
2023-07-06 16:08:08,843 [1] INFO TourPlanner_Client.App - TourPlanner client has started!
2023-07-06 16:08:21,659 [1] INFO TourPlanner_Client.APIs.MapQuestService - Sending MapQuest API request.
2023-07-06 16:08:49,884 [1] INFO TourPlanner_Client.App - TourPlanner client has started!
2023-07-06 16:09:06,382 [1] INFO TourPlanner_Client.APIs.MapQuestService - Sending MapQuest API request.
2023-07-06 16:09:54,378 [1] INFO TourPlanner_Client.App - TourPlanner client has started!
2023-07-06 16:10:03,657 [1] INFO TourPlanner_Client.APIs.MapQuestService - Sending MapQuest API request.
2023-07-06 16:10:30,923 [1] INFO TourPlanner_Client.APIs.MapQuestService - Sending MapQuest API request.
2023-07-06 16:10:54,923 [1] INFO TourPlanner_Client.APIs.MapQuestService - Sending MapQuest API request.
2023-07-06 16:11:35,006 [1] INFO TourPlanner_Client.App - TourPlanner client has started!
2023-07-06 16:11:54,915 [1] INFO TourPlanner_Client.APIs.MapQuestService - Sending MapQuest API request.
2023-07-06 16:40:13,889 [1] INFO TourPlanner_Client.App - TourPlanner client has started!
2023-07-06 16:44:52,029 [1] INFO TourPlanner_Client.App - TourPlanner client has started!
2023-07-06 19:27:26,928 [1] INFO TourPlanner_Client.App - TourPlanner client has started!
2023-07-06 19:34:28,539 [1] INFO TourPlanner_Client.App - TourPlanner client has started!
2023-07-06 19:36:00,478 [1] INFO TourPlanner_Client.App - TourPlanner client has started!
2023-07-06 19:40:37,756 [1] INFO TourPlanner_Client.App - TourPlanner client has started!
2023-07-06 19:41:02,495 [1] INFO TourPlanner_Client.App - TourPlanner client has started!
2023-07-06 19:41:30,530 [1] INFO TourPlanner_Client.App - TourPlanner client has started!
2023-07-06 19:45:17,105 [1] INFO TourPlanner_Client.App - TourPlanner client has started!
2023-07-06 19:51:44,165 [1] INFO TourPlanner_Client.App - TourPlanner client has started!
2023-07-06 19:52:20,308 [1] INFO TourPlanner_Client.App - TourPlanner client has started!
2023-07-06 20:05:20,627 [1] INFO TourPlanner_Client.App - TourPlanner client has started!
2023-07-06 20:12:37,798 [1] INFO TourPlanner_Client.App - TourPlanner client has started!
2023-07-06 20:17:43,947 [1] INFO TourPlanner_Client.App - TourPlanner client has started!
2023-07-06 20:24:09,757 [1] INFO TourPlanner_Client.App - TourPlanner client has started!
2023-07-06 20:25:55,491 [1] INFO TourPlanner_Client.App - TourPlanner client has started!
2023-07-06 20:26:34,268 [1] INFO TourPlanner_Client.App - TourPlanner client has started!
2023-07-06 20:27:59,397 [1] INFO TourPlanner_Client.App - TourPlanner client has started!
2023-07-06 20:31:54,527 [1] INFO TourPlanner_Client.App - TourPlanner client has started!
2023-07-06 20:37:46,475 [1] INFO TourPlanner_Client.App - TourPlanner client has started!
2023-07-06 20:39:27,208 [1] INFO TourPlanner_Client.App - TourPlanner client has started!
2023-07-06 20:40:32,399 [1] INFO TourPlanner_Client.App - TourPlanner client has started!
2023-07-06 20:41:40,627 [1] INFO TourPlanner_Client.App - TourPlanner client has started!
2023-07-06 20:50:04,209 [1] INFO TourPlanner_Client.App - TourPlanner client has started!
2023-07-06 20:53:57,940 [1] INFO TourPlanner_Client.App - TourPlanner client has started!
2023-07-06 20:56:25,874 [1] INFO TourPlanner_Client.App - TourPlanner client has started!
2023-07-06 21:08:02,841 [1] INFO TourPlanner_Client.App - TourPlanner client has started!
2023-07-06 21:11:07,835 [1] INFO TourPlanner_Client.App - TourPlanner client has started!
2023-07-06 21:13:36,601 [1] INFO TourPlanner_Client.App - TourPlanner client has started!
2023-07-06 21:16:06,533 [1] INFO TourPlanner_Client.App - TourPlanner client has started!
2023-07-06 21:17:12,229 [1] INFO TourPlanner_Client.App - TourPlanner client has started!
2023-07-06 21:17:31,023 [1] INFO TourPlanner_Client.App - TourPlanner client has started!
2023-07-06 21:19:54,671 [1] INFO TourPlanner_Client.App - TourPlanner client has started!
2023-07-06 21:22:03,161 [1] INFO TourPlanner_Client.App - TourPlanner client has started!
2023-07-07 14:37:12,339 [1] INFO TourPlanner_Client.App - TourPlanner client has started!
2023-07-07 14:41:41,199 [1] INFO TourPlanner_Client.App - TourPlanner client has started!
2023-07-07 15:19:25,503 [1] INFO TourPlanner_Client.App - TourPlanner client has started!
2023-07-07 15:47:45,209 [1] INFO TourPlanner_Client.App - TourPlanner client has started!
2023-07-07 15:47:57,627 [1] INFO TourPlanner_Client.APIs.MapQuestService - Sending MapQuest API request.
2023-07-07 15:58:50,548 [1] INFO TourPlanner_Client.App - TourPlanner client has started!
2023-07-07 16:00:50,647 [1] INFO TourPlanner_Client.App - TourPlanner client has started!
2023-07-07 16:09:09,380 [1] INFO TourPlanner_Client.App - TourPlanner client has started!
2023-07-07 16:12:17,241 [1] INFO TourPlanner_Client.App - TourPlanner client has started!
2023-07-07 16:12:54,700 [1] ERROR TourPlanner_Client.Commands.SubmitTourLogCommand - No date selected.
2023-07-07 16:17:54,407 [1] INFO TourPlanner_Client.App - TourPlanner client has started!
2023-07-07 16:18:02,634 [1] ERROR TourPlanner_Client.Commands.SubmitTourLogCommand - No date selected.
2023-07-07 16:18:59,666 [1] INFO TourPlanner_Client.App - TourPlanner client has started!
2023-07-07 16:23:53,465 [1] INFO TourPlanner_Client.App - TourPlanner client has started!
2023-07-07 16:26:16,706 [1] INFO TourPlanner_Client.App - TourPlanner client has started!
2023-07-07 16:27:56,206 [1] INFO TourPlanner_Client.App - TourPlanner client has started!
2023-07-07 16:29:55,503 [1] INFO TourPlanner_Client.App - TourPlanner client has started!
2023-07-07 16:37:07,499 [1] INFO TourPlanner_Client.App - TourPlanner client has started!
2023-07-07 16:39:10,085 [1] INFO TourPlanner_Client.App - TourPlanner client has started!
2023-07-07 16:39:21,342 [1] INFO TourPlanner_Client.APIs.MapQuestService - Sending MapQuest API request.
2023-07-07 16:47:38,595 [1] INFO TourPlanner_Client.App - TourPlanner client has started!
2023-07-07 16:49:25,807 [1] INFO TourPlanner_Client.App - TourPlanner client has started!
2023-07-07 16:58:20,334 [1] INFO TourPlanner_Client.App - TourPlanner client has started!
2023-07-07 16:59:22,681 [1] INFO TourPlanner_Client.App - TourPlanner client has started!
2023-07-07 17:04:02,464 [1] INFO TourPlanner_Client.App - TourPlanner client has started!
2023-07-07 17:04:40,663 [1] INFO TourPlanner_Client.APIs.MapQuestService - Sending MapQuest API request.
2023-07-07 17:05:30,021 [1] INFO TourPlanner_Client.App - TourPlanner client has started!
2023-07-08 13:19:32,268 [1] INFO TourPlanner_Client.App - TourPlanner client has started!
2023-07-08 14:02:12,959 [1] INFO TourPlanner_Client.App - TourPlanner client has started!
2023-07-08 14:05:19,561 [1] INFO TourPlanner_Client.App - TourPlanner client has started!
2023-07-08 14:06:21,536 [1] INFO TourPlanner_Client.App - TourPlanner client has started!
2023-07-08 14:17:30,595 [1] INFO TourPlanner_Client.App - TourPlanner client has started!
2023-07-08 14:17:46,678 [1] INFO TourPlanner_Client.App - TourPlanner client has started!
2023-07-08 14:18:56,274 [1] INFO TourPlanner_Client.App - TourPlanner client has started!
2023-07-08 14:36:03,099 [1] INFO TourPlanner_Client.App - TourPlanner client has started!
2023-07-08 14:36:30,769 [1] INFO TourPlanner_Client.App - TourPlanner client has started!
2023-07-08 14:42:01,018 [1] INFO TourPlanner_Client.App - TourPlanner client has started!
2023-07-08 14:43:38,146 [1] INFO TourPlanner_Client.App - TourPlanner client has started!
2023-07-08 15:02:06,851 [1] INFO TourPlanner_Client.App - TourPlanner client has started!
2023-07-08 15:02:27,576 [1] INFO TourPlanner_Client.APIs.MapQuestService - Sending MapQuest API request.
2023-07-08 15:43:17,950 [1] INFO TourPlanner_Client.App - TourPlanner client has started!
2023-07-08 15:43:42,267 [1] INFO TourPlanner_Client.APIs.MapQuestService - Sending MapQuest API request.
2023-07-08 15:44:23,602 [1] INFO TourPlanner_Client.APIs.MapQuestService - Sending MapQuest API request.
2023-07-08 15:45:52,994 [1] INFO TourPlanner_Client.App - TourPlanner client has started!
2023-07-08 15:46:13,271 [1] INFO TourPlanner_Client.APIs.MapQuestService - Sending MapQuest API request.
2023-07-08 15:49:57,985 [1] INFO TourPlanner_Client.App - TourPlanner client has started!
2023-07-08 15:50:11,640 [1] INFO TourPlanner_Client.APIs.MapQuestService - Sending MapQuest API request.
2023-07-08 15:50:29,487 [1] INFO TourPlanner_Client.APIs.MapQuestService - Sending MapQuest API request.
2023-07-08 15:50:51,865 [1] INFO TourPlanner_Client.App - TourPlanner client has started!
2023-07-08 15:51:19,612 [1] INFO TourPlanner_Client.APIs.MapQuestService - Sending MapQuest API request.
2023-07-08 15:52:38,036 [1] INFO TourPlanner_Client.APIs.MapQuestService - Sending MapQuest API request.
2023-07-08 15:53:56,020 [1] INFO TourPlanner_Client.App - TourPlanner client has started!
2023-07-08 16:01:19,398 [1] INFO TourPlanner_Client.App - TourPlanner client has started!
2023-07-08 16:01:35,110 [1] INFO TourPlanner_Client.APIs.MapQuestService - Sending MapQuest API request.
2023-07-08 16:02:24,836 [1] INFO TourPlanner_Client.App - TourPlanner client has started!
2023-07-08 16:05:10,622 [1] INFO TourPlanner_Client.App - TourPlanner client has started!
2023-07-08 16:05:33,003 [1] INFO TourPlanner_Client.APIs.MapQuestService - Sending MapQuest API request.
2023-07-08 16:06:05,713 [1] INFO TourPlanner_Client.APIs.MapQuestService - Sending MapQuest API request.
2023-07-08 16:10:01,061 [1] INFO TourPlanner_Client.App - TourPlanner client has started!
2023-07-08 16:10:34,715 [1] INFO TourPlanner_Client.APIs.MapQuestService - Sending MapQuest API request.
2023-07-08 16:13:40,697 [1] INFO TourPlanner_Client.App - TourPlanner client has started!
2023-07-08 16:13:55,384 [1] INFO TourPlanner_Client.APIs.MapQuestService - Sending MapQuest API request.
2023-07-08 16:14:26,292 [1] INFO TourPlanner_Client.APIs.MapQuestService - Sending MapQuest API request.
2023-07-08 16:16:19,748 [1] INFO TourPlanner_Client.APIs.MapQuestService - Sending MapQuest API request.
2023-07-08 16:22:12,373 [1] INFO TourPlanner_Client.APIs.MapQuestService - Sending MapQuest API request.
2023-07-08 16:25:21,928 [1] INFO TourPlanner_Client.App - TourPlanner client has started!
2023-07-08 16:25:37,807 [1] INFO TourPlanner_Client.APIs.MapQuestService - Sending MapQuest API request.
2023-07-08 16:25:44,110 [1] ERROR TourPlanner_Client.APIs.MapQuestService - Error Code received from the MapQuest API.
2023-07-08 16:25:49,335 [1] ERROR TourPlanner_Client.BL.TourManager - Unexpected Error occured during MapQuest API call.
2023-07-08 16:26:20,308 [1] INFO TourPlanner_Client.App - TourPlanner client has started!
2023-07-08 16:26:32,958 [1] INFO TourPlanner_Client.APIs.MapQuestService - Sending MapQuest API request.
2023-07-08 16:26:55,099 [1] INFO TourPlanner_Client.App - TourPlanner client has started!
2023-07-08 16:27:07,539 [1] INFO TourPlanner_Client.APIs.MapQuestService - Sending MapQuest API request.
2023-07-08 16:31:33,573 [1] INFO TourPlanner_Client.App - TourPlanner client has started!
2023-07-08 16:31:49,392 [1] INFO TourPlanner_Client.APIs.MapQuestService - Sending MapQuest API request.
2023-07-08 16:32:07,641 [1] INFO TourPlanner_Client.App - TourPlanner client has started!
2023-07-08 16:32:22,592 [1] INFO TourPlanner_Client.APIs.MapQuestService - Sending MapQuest API request.
2023-07-08 16:32:26,368 [1] ERROR TourPlanner_Client.APIs.MapQuestService - Error Code received from the MapQuest API.
2023-07-08 16:33:30,513 [1] INFO TourPlanner_Client.App - TourPlanner client has started!
2023-07-08 16:33:47,783 [1] INFO TourPlanner_Client.APIs.MapQuestService - Sending MapQuest API request.
2023-07-08 16:34:29,466 [1] INFO TourPlanner_Client.App - TourPlanner client has started!
2023-07-08 16:34:43,327 [1] INFO TourPlanner_Client.APIs.MapQuestService - Sending MapQuest API request.
2023-07-08 16:35:54,868 [1] INFO TourPlanner_Client.App - TourPlanner client has started!
2023-07-08 16:36:13,204 [1] INFO TourPlanner_Client.APIs.MapQuestService - Sending MapQuest API request.
2023-07-08 16:42:57,093 [1] INFO TourPlanner_Client.App - TourPlanner client has started!
2023-07-08 16:43:11,184 [1] INFO TourPlanner_Client.APIs.MapQuestService - Sending MapQuest API request.
2023-07-08 16:45:10,963 [1] INFO TourPlanner_Client.App - TourPlanner client has started!
2023-07-08 16:45:23,765 [1] INFO TourPlanner_Client.APIs.MapQuestService - Sending MapQuest API request.
2023-07-08 16:47:47,520 [1] INFO TourPlanner_Client.App - TourPlanner client has started!
2023-07-08 16:47:55,645 [1] INFO TourPlanner_Client.APIs.MapQuestService - Sending MapQuest API request.
2023-07-08 16:52:17,850 [1] INFO TourPlanner_Client.App - TourPlanner client has started!
2023-07-08 16:52:36,703 [1] INFO TourPlanner_Client.APIs.MapQuestService - Sending MapQuest API request.
2023-07-08 16:53:44,909 [1] INFO TourPlanner_Client.App - TourPlanner client has started!
2023-07-08 16:53:56,855 [1] INFO TourPlanner_Client.APIs.MapQuestService - Sending MapQuest API request.
2023-07-08 16:56:14,680 [1] INFO TourPlanner_Client.App - TourPlanner client has started!
2023-07-08 17:00:30,535 [1] INFO TourPlanner_Client.App - TourPlanner client has started!
2023-07-08 17:01:31,275 [1] INFO TourPlanner_Client.App - TourPlanner client has started!
2023-07-08 17:04:45,158 [1] INFO TourPlanner_Client.App - TourPlanner client has started!
2023-07-08 17:05:00,650 [1] INFO TourPlanner_Client.APIs.MapQuestService - Sending MapQuest API request.
2023-07-08 17:05:56,013 [1] INFO TourPlanner_Client.APIs.MapQuestService - Sending MapQuest API request.
2023-07-08 17:06:16,846 [1] INFO TourPlanner_Client.APIs.MapQuestService - Sending MapQuest API request.
2023-07-08 17:15:21,247 [1] INFO TourPlanner_Client.App - TourPlanner client has started!
2023-07-08 17:17:35,697 [1] INFO TourPlanner_Client.App - TourPlanner client has started!
2023-07-08 17:18:07,413 [1] INFO TourPlanner_Client.APIs.MapQuestService - Sending MapQuest API request.
2023-07-08 17:18:29,551 [1] INFO TourPlanner_Client.APIs.MapQuestService - Sending MapQuest API request.
2023-07-08 17:22:26,278 [1] INFO TourPlanner_Client.App - TourPlanner client has started!
2023-07-08 17:27:14,994 [1] INFO TourPlanner_Client.App - TourPlanner client has started!
2023-07-08 17:29:54,170 [1] INFO TourPlanner_Client.App - TourPlanner client has started!
2023-07-08 17:31:56,384 [1] INFO TourPlanner_Client.App - TourPlanner client has started!
2023-07-08 17:33:34,189 [1] INFO TourPlanner_Client.App - TourPlanner client has started!
2023-07-08 17:38:22,494 [1] INFO TourPlanner_Client.App - TourPlanner client has started!
2023-07-08 17:38:55,606 [1] INFO TourPlanner_Client.App - TourPlanner client has started!
2023-07-08 17:44:35,597 [1] INFO TourPlanner_Client.App - TourPlanner client has started!
2023-07-08 17:46:29,824 [1] INFO TourPlanner_Client.App - TourPlanner client has started!
2023-07-08 17:48:43,001 [1] INFO TourPlanner_Client.App - TourPlanner client has started!
2023-07-08 17:51:30,036 [1] INFO TourPlanner_Client.App - TourPlanner client has started!
2023-07-08 17:53:19,698 [1] INFO TourPlanner_Client.App - TourPlanner client has started!
2023-07-08 17:53:48,033 [1] INFO TourPlanner_Client.App - TourPlanner client has started!
2023-07-08 17:59:33,429 [1] INFO TourPlanner_Client.App - TourPlanner client has started!
2023-07-08 18:01:19,001 [1] INFO TourPlanner_Client.App - TourPlanner client has started!
2023-07-08 18:02:11,683 [1] INFO TourPlanner_Client.App - TourPlanner client has started!
2023-07-08 18:06:33,259 [1] INFO TourPlanner_Client.App - TourPlanner client has started!
2023-07-08 18:06:47,828 [1] INFO TourPlanner_Client.APIs.MapQuestService - Sending MapQuest API request.
2023-07-08 18:12:29,521 [1] INFO TourPlanner_Client.App - TourPlanner client has started!
2023-07-08 18:29:37,831 [1] INFO TourPlanner_Client.App - TourPlanner client has started!
2023-07-08 18:31:12,169 [1] INFO TourPlanner_Client.App - TourPlanner client has started!
2023-07-08 18:32:58,630 [1] INFO TourPlanner_Client.App - TourPlanner client has started!
2023-07-08 18:38:53,371 [1] INFO TourPlanner_Client.App - TourPlanner client has started!
2023-07-09 00:23:08,099 [1] INFO TourPlanner_Client.App - TourPlanner client has started!
2023-07-09 00:25:00,772 [1] INFO TourPlanner_Client.App - TourPlanner client has started!
2023-07-09 00:30:00,413 [1] INFO TourPlanner_Client.App - TourPlanner client has started!
2023-07-09 00:33:50,664 [1] INFO TourPlanner_Client.App - TourPlanner client has started!
2023-07-09 00:36:04,365 [1] INFO TourPlanner_Client.App - TourPlanner client has started!
2023-07-09 00:38:09,505 [1] INFO TourPlanner_Client.App - TourPlanner client has started!
2023-07-09 00:39:35,945 [1] INFO TourPlanner_Client.App - TourPlanner client has started!
2023-07-09 00:40:13,445 [1] INFO TourPlanner_Client.App - TourPlanner client has started!
2023-07-09 00:42:42,624 [1] INFO TourPlanner_Client.App - TourPlanner client has started!
2023-07-09 00:44:04,082 [1] INFO TourPlanner_Client.App - TourPlanner client has started!
2023-07-09 00:46:22,677 [1] INFO TourPlanner_Client.App - TourPlanner client has started!
2023-07-09 00:48:47,912 [1] INFO TourPlanner_Client.App - TourPlanner client has started!
2023-07-09 00:51:45,980 [1] INFO TourPlanner_Client.App - TourPlanner client has started!
2023-07-09 00:53:30,943 [1] INFO TourPlanner_Client.App - TourPlanner client has started!
2023-07-09 01:03:47,201 [1] INFO TourPlanner_Client.App - TourPlanner client has started!
2023-07-09 01:08:47,934 [1] INFO TourPlanner_Client.App - TourPlanner client has started!
2023-07-09 01:10:01,867 [1] INFO TourPlanner_Client.App - TourPlanner client has started!
2023-07-09 20:34:19,368 [1] INFO TourPlanner_Client.App - TourPlanner client has started!
2023-07-09 21:07:25,843 [1] INFO TourPlanner_Client.App - TourPlanner client has started!
2023-07-09 21:17:16,186 [1] INFO TourPlanner_Client.App - TourPlanner client has started!
2023-07-09 21:19:43,567 [1] INFO TourPlanner_Client.App - TourPlanner client has started!
2023-07-09 21:58:19,910 [1] INFO TourPlanner_Client.App - TourPlanner client has started!
2023-07-09 22:14:44,470 [1] INFO TourPlanner_Client.App - TourPlanner client has started!
2023-07-09 22:17:20,102 [1] INFO TourPlanner_Client.App - TourPlanner client has started!
2023-07-09 22:21:43,213 [1] INFO TourPlanner_Client.App - TourPlanner client has started!
2023-07-09 22:22:27,440 [1] INFO TourPlanner_Client.App - TourPlanner client has started!
2023-07-09 22:23:08,837 [1] INFO TourPlanner_Client.App - TourPlanner client has started!
2023-07-09 22:38:27,173 [1] INFO TourPlanner_Client.App - TourPlanner client has started!
2023-07-09 23:00:20,223 [1] INFO TourPlanner_Client.App - TourPlanner client has started!
2023-07-09 23:00:46,236 [1] INFO TourPlanner_Client.App - TourPlanner client has started!
2023-07-09 23:02:18,053 [1] INFO TourPlanner_Client.App - TourPlanner client has started!
2023-07-10 13:47:37,693 [1] INFO TourPlanner_Client.App - TourPlanner client has started!
2023-07-10 13:50:24,219 [1] INFO TourPlanner_Client.App - TourPlanner client has started!
2023-07-10 13:54:17,673 [1] INFO TourPlanner_Client.App - TourPlanner client has started!
2023-07-10 15:38:17,701 [1] INFO TourPlanner_Client.App - TourPlanner client has started!
2023-07-10 15:41:54,841 [1] INFO TourPlanner_Client.App - TourPlanner client has started!
2023-07-10 15:47:36,290 [1] INFO TourPlanner_Client.App - TourPlanner client has started!
2023-07-10 19:17:37,822 [1] INFO TourPlanner_Client.App - TourPlanner client has started!
2023-07-10 19:22:21,365 [1] WARN TourPlanner_Client.Commands.ExportTourCommand - No File was selected during Export
2023-07-10 19:29:04,536 [1] INFO TourPlanner_Client.App - TourPlanner client has started!
2023-07-10 20:04:39,566 [1] INFO TourPlanner_Client.App - TourPlanner client has started!
2023-07-10 20:09:32,950 [1] INFO TourPlanner_Client.App - TourPlanner client has started!
2023-07-10 20:10:05,119 [1] INFO TourPlanner_Client.App - TourPlanner client has started!
2023-07-10 20:25:29,282 [1] INFO TourPlanner_Client.App - TourPlanner client has started!
2023-07-10 20:26:19,712 [1] INFO TourPlanner_Client.App - TourPlanner client has started!
2023-07-10 20:27:32,179 [1] INFO TourPlanner_Client.App - TourPlanner client has started!
2023-07-10 20:30:05,253 [1] INFO TourPlanner_Client.App - TourPlanner client has started!
2023-07-10 20:33:27,792 [1] INFO TourPlanner_Client.App - TourPlanner client has started!
2023-07-10 20:35:30,160 [1] INFO TourPlanner_Client.App - TourPlanner client has started!
2023-07-10 20:39:21,444 [1] INFO TourPlanner_Client.App - TourPlanner client has started!
2023-07-10 20:43:37,095 [1] INFO TourPlanner_Client.App - TourPlanner client has started!
2023-07-10 20:46:49,738 [1] INFO TourPlanner_Client.App - TourPlanner client has started!
2023-07-10 20:52:46,270 [1] INFO TourPlanner_Client.App - TourPlanner client has started!
2023-07-10 20:55:01,027 [1] INFO TourPlanner_Client.App - TourPlanner client has started!
2023-07-10 20:59:20,877 [1] INFO TourPlanner_Client.App - TourPlanner client has started!
2023-07-10 20:59:35,907 [1] INFO TourPlanner_Client.App - TourPlanner client has started!
2023-07-10 21:02:20,430 [1] INFO TourPlanner_Client.App - TourPlanner client has started!
2023-07-10 21:04:05,177 [1] INFO TourPlanner_Client.App - TourPlanner client has started!
2023-07-10 21:05:43,140 [1] INFO TourPlanner_Client.App - TourPlanner client has started!
2023-07-10 21:06:12,279 [1] INFO TourPlanner_Client.App - TourPlanner client has started!
2023-07-10 21:09:01,018 [1] INFO TourPlanner_Client.App - TourPlanner client has started!
2023-07-10 21:15:12,435 [1] INFO TourPlanner_Client.App - TourPlanner client has started!
2023-07-10 21:18:55,324 [1] INFO TourPlanner_Client.App - TourPlanner client has started!
2023-07-10 21:20:42,531 [1] INFO TourPlanner_Client.App - TourPlanner client has started!
2023-07-10 21:21:45,938 [1] INFO TourPlanner_Client.App - TourPlanner client has started!
2023-07-10 21:22:08,047 [1] INFO TourPlanner_Client.App - TourPlanner client has started!
2023-07-10 21:24:36,891 [1] INFO TourPlanner_Client.App - TourPlanner client has started!
2023-07-10 21:29:25,904 [1] INFO TourPlanner_Client.App - TourPlanner client has started!
2023-07-10 21:29:56,771 [1] INFO TourPlanner_Client.App - TourPlanner client has started!
2023-07-10 21:33:45,662 [1] INFO TourPlanner_Client.App - TourPlanner client has started!
2023-07-10 21:35:55,274 [1] INFO TourPlanner_Client.App - TourPlanner client has started!
2023-07-10 21:43:41,258 [1] INFO TourPlanner_Client.App - TourPlanner client has started!
2023-07-10 21:55:14,874 [1] INFO TourPlanner_Client.App - TourPlanner client has started!
